<?xml version="1.0" encoding="UTF-8"?>
<testng-results skipped="0" failed="0" total="1" passed="1">
  <reporter-output>
  </reporter-output>
  <suite name="Default suite" duration-ms="13072" started-at="2014-08-24T09:44:44Z" finished-at="2014-08-24T09:44:58Z">
    <groups>
    </groups>
    <test name="Default test" duration-ms="13072" started-at="2014-08-24T09:44:44Z" finished-at="2014-08-24T09:44:58Z">
      <class name="com.example.tests.ContactModification">
        <test-method status="PASS" signature="setUp()[pri:0, instance:com.example.tests.ContactModification@2842e3b]" name="setUp" is-config="true" duration-ms="9181" started-at="2014-08-24T13:44:44Z" finished-at="2014-08-24T13:44:54Z">
          <reporter-output>
          </reporter-output>
        </test-method> <!-- setUp -->
        <test-method status="PASS" signature="deleteSomeContact()[pri:0, instance:com.example.tests.ContactModification@2842e3b]" name="deleteSomeContact" duration-ms="3609" started-at="2014-08-24T13:44:54Z" finished-at="2014-08-24T13:44:57Z">
          <reporter-output>
          </reporter-output>
        </test-method> <!-- deleteSomeContact -->
        <test-method status="PASS" signature="tearDown()[pri:0, instance:com.example.tests.ContactModification@2842e3b]" name="tearDown" is-config="true" duration-ms="267" started-at="2014-08-24T13:44:57Z" finished-at="2014-08-24T13:44:58Z">
          <reporter-output>
          </reporter-output>
        </test-method> <!-- tearDown -->
      </class> <!-- com.example.tests.ContactModification -->
    </test> <!-- Default test -->
  </suite> <!-- Default suite -->
</testng-results>
