<?xml version="1.0" encoding="UTF-8"?>
<!-- Generated by org.testng.reporters.JUnitXMLReporter -->
<testsuite hostname="Gorod_b" name="Default test" tests="10" failures="0" timestamp="20 Sep 2014 06:08:38 GMT" time="35.691" errors="0">
  <testcase name="testValidDatasGroupCreation" time="3.973" classname="com.example.tests.NewGroup"/>
  <testcase name="testValidDatasGroupCreation" time="1.5" classname="com.example.tests.NewGroup"/>
  <testcase name="testValidDatasGroupCreation" time="1.691" classname="com.example.tests.NewGroup"/>
  <testcase name="testValidDatasGroupCreation" time="1.838" classname="com.example.tests.NewGroup"/>
  <testcase name="testValidDatasGroupCreation" time="1.755" classname="com.example.tests.NewGroup"/>
  <testcase name="testValidDatasGroupCreation" time="1.766" classname="com.example.tests.NewGroup"/>
  <testcase name="testValidDatasGroupCreation" time="1.998" classname="com.example.tests.NewGroup"/>
  <testcase name="testValidDatasGroupCreation" time="1.901" classname="com.example.tests.NewGroup"/>
  <testcase name="testValidDatasGroupCreation" time="1.811" classname="com.example.tests.NewGroup"/>
  <testcase name="testValidDatasGroupCreation" time="1.994" classname="com.example.tests.NewGroup"/>
</testsuite> <!-- Default test -->
