<?xml version="1.0" encoding="UTF-8"?>
<testng-results skipped="0" failed="0" total="3" passed="3">
  <reporter-output>
  </reporter-output>
  <suite name="Default suite" duration-ms="39192" started-at="2014-10-05T09:36:00Z" finished-at="2014-10-05T09:36:39Z">
    <groups>
    </groups>
    <test name="Default test" duration-ms="39192" started-at="2014-10-05T09:36:00Z" finished-at="2014-10-05T09:36:39Z">
      <class name="com.example.tests.NewContact">
        <test-method status="PASS" signature="setUp()[pri:0, instance:com.example.tests.NewContact@23610f1f]" name="setUp" is-config="true" duration-ms="11" started-at="2014-10-05T13:36:00Z" finished-at="2014-10-05T13:36:00Z">
          <reporter-output>
          </reporter-output>
        </test-method> <!-- setUp -->
        <test-method status="PASS" signature="testNewUserCreation(com.example.tests.ContactData)[pri:0, instance:com.example.tests.NewContact@23610f1f]" name="testNewUserCreation" duration-ms="21224" started-at="2014-10-05T13:36:00Z" data-provider="contactsFromFile" finished-at="2014-10-05T13:36:21Z">
          <params>
            <param index="0">
              <value>
                <![CDATA[ContactData [contactName=Umma1775206509, secondName=Mila1165959101]]]>
              </value>
            </param>
          </params>
          <reporter-output>
          </reporter-output>
        </test-method> <!-- testNewUserCreation -->
        <test-method status="PASS" signature="testNewUserCreation(com.example.tests.ContactData)[pri:0, instance:com.example.tests.NewContact@23610f1f]" name="testNewUserCreation" duration-ms="8511" started-at="2014-10-05T13:36:21Z" data-provider="contactsFromFile" finished-at="2014-10-05T13:36:29Z">
          <params>
            <param index="0">
              <value>
                <![CDATA[ContactData [contactName=Umma254937394, secondName=Mila848046435]]]>
              </value>
            </param>
          </params>
          <reporter-output>
          </reporter-output>
        </test-method> <!-- testNewUserCreation -->
        <test-method status="PASS" signature="testNewUserCreation(com.example.tests.ContactData)[pri:0, instance:com.example.tests.NewContact@23610f1f]" name="testNewUserCreation" duration-ms="9137" started-at="2014-10-05T13:36:29Z" data-provider="contactsFromFile" finished-at="2014-10-05T13:36:38Z">
          <params>
            <param index="0">
              <value>
                <![CDATA[ContactData [contactName=Umma540297048, secondName=Mila-979094899]]]>
              </value>
            </param>
          </params>
          <reporter-output>
          </reporter-output>
        </test-method> <!-- testNewUserCreation -->
        <test-method status="PASS" signature="tearDown()[pri:0, instance:com.example.tests.NewContact@23610f1f]" name="tearDown" is-config="true" duration-ms="267" started-at="2014-10-05T13:36:38Z" finished-at="2014-10-05T13:36:39Z">
          <reporter-output>
          </reporter-output>
        </test-method> <!-- tearDown -->
      </class> <!-- com.example.tests.NewContact -->
    </test> <!-- Default test -->
  </suite> <!-- Default suite -->
</testng-results>
