<?xml version="1.0" encoding="UTF-8"?>
<!-- Generated by org.testng.reporters.JUnitXMLReporter -->
<testsuite hostname="Gorod_b" name="Default test" tests="4" failures="0" timestamp="2 Aug 2014 12:07:46 GMT" time="47.222" errors="0">
  <testcase name="testEmptyGroupCreation" time="10.162" classname="com.example.tests.NewGroup"/>
  <testcase name="testNoneEmptyGroupCreation" time="4.158" classname="com.example.tests.NewGroup"/>
  <testcase name="testEmptyGroupCreation" time="4.089" classname="com.example.tests.NewContact"/>
  <testcase name="testNoneEmptyGroupCreation" time="4.166" classname="com.example.tests.NewContact"/>
</testsuite> <!-- Default test -->
