<?xml version="1.0" encoding="UTF-8"?>
<!-- Generated by org.testng.reporters.JUnitXMLReporter -->
<testsuite hostname="Gorod_b" name="Default test" tests="3" failures="0" timestamp="5 Oct 2014 09:36:39 GMT" time="39.192" errors="0">
  <testcase name="testNewUserCreation" time="21.224" classname="com.example.tests.NewContact"/>
  <testcase name="testNewUserCreation" time="8.511" classname="com.example.tests.NewContact"/>
  <testcase name="testNewUserCreation" time="9.137" classname="com.example.tests.NewContact"/>
</testsuite> <!-- Default test -->
